00:00:57.787 [localhost-startStop-1] DEBUG c.o.f.TokenAuthenticationFilter - Initializing filter 'tokenAuthenticationFilter'
00:00:57.792 [localhost-startStop-1] DEBUG c.o.f.TokenAuthenticationFilter - Filter 'tokenAuthenticationFilter' configured successfully
00:00:57.792 [localhost-startStop-1] DEBUG c.o.f.CustomUsernamePasswordAuthenticationFilter - Initializing filter 'customUsernamePasswordAuthenticationFilter'
00:00:57.793 [localhost-startStop-1] DEBUG c.o.f.CustomUsernamePasswordAuthenticationFilter - Filter 'customUsernamePasswordAuthenticationFilter' configured successfully
00:01:13.448 [http-nio-8080-exec-2] INFO  c.o.f.TokenAuthenticationFilter - Token successfully received inside token validator
00:01:13.450 [http-nio-8080-exec-2] INFO  c.o.f.TokenAuthenticationFilter - Attempt authentication for token :
00:01:13.573 [http-nio-8080-exec-2] DEBUG c.o.f.TokenAuthenticationFilter - Authentication request failed: org.springframework.security.authentication.LockedException: Forbidden
org.springframework.security.authentication.LockedException: Forbidden
	at com.oauth.filters.TokenAuthenticationFilter.notAuthenticated(TokenAuthenticationFilter.java:125)
	at com.oauth.filters.TokenAuthenticationFilter.doFilter(TokenAuthenticationFilter.java:78)
	at org.springframework.security.web.FilterChainProxy$VirtualFilterChain.doFilter(FilterChainProxy.java:331)
	at org.springframework.security.web.servletapi.SecurityContextHolderAwareRequestFilter.doFilter(SecurityContextHolderAwareRequestFilter.java:170)
	at org.springframework.security.web.FilterChainProxy$VirtualFilterChain.doFilter(FilterChainProxy.java:331)
	at org.springframework.security.web.savedrequest.RequestCacheAwareFilter.doFilter(RequestCacheAwareFilter.java:63)
	at org.springframework.security.web.FilterChainProxy$VirtualFilterChain.doFilter(FilterChainProxy.java:331)
	at org.springframework.security.web.authentication.AbstractAuthenticationProcessingFilter.doFilter(AbstractAuthenticationProcessingFilter.java:200)
	at org.springframework.security.web.FilterChainProxy$VirtualFilterChain.doFilter(FilterChainProxy.java:331)
	at org.springframework.security.web.authentication.AbstractAuthenticationProcessingFilter.doFilter(AbstractAuthenticationProcessingFilter.java:200)
	at org.springframework.security.web.FilterChainProxy$VirtualFilterChain.doFilter(FilterChainProxy.java:331)
	at org.springframework.security.web.authentication.logout.LogoutFilter.doFilter(LogoutFilter.java:116)
	at org.springframework.security.web.FilterChainProxy$VirtualFilterChain.doFilter(FilterChainProxy.java:331)
	at org.springframework.security.web.header.HeaderWriterFilter.doFilterInternal(HeaderWriterFilter.java:64)
	at org.springframework.web.filter.OncePerRequestFilter.doFilter(OncePerRequestFilter.java:107)
	at org.springframework.security.web.FilterChainProxy$VirtualFilterChain.doFilter(FilterChainProxy.java:331)
	at org.springframework.security.web.context.SecurityContextPersistenceFilter.doFilter(SecurityContextPersistenceFilter.java:105)
	at org.springframework.security.web.FilterChainProxy$VirtualFilterChain.doFilter(FilterChainProxy.java:331)
	at org.springframework.security.web.context.request.async.WebAsyncManagerIntegrationFilter.doFilterInternal(WebAsyncManagerIntegrationFilter.java:56)
	at org.springframework.web.filter.OncePerRequestFilter.doFilter(OncePerRequestFilter.java:107)
	at org.springframework.security.web.FilterChainProxy$VirtualFilterChain.doFilter(FilterChainProxy.java:331)
	at org.springframework.security.web.FilterChainProxy.doFilterInternal(FilterChainProxy.java:214)
	at org.springframework.security.web.FilterChainProxy.doFilter(FilterChainProxy.java:177)
	at org.springframework.web.filter.DelegatingFilterProxy.invokeDelegate(DelegatingFilterProxy.java:347)
	at org.springframework.web.filter.DelegatingFilterProxy.doFilter(DelegatingFilterProxy.java:263)
	at org.apache.catalina.core.ApplicationFilterChain.internalDoFilter(ApplicationFilterChain.java:193)
	at org.apache.catalina.core.ApplicationFilterChain.doFilter(ApplicationFilterChain.java:166)
	at org.springframework.web.filter.RequestContextFilter.doFilterInternal(RequestContextFilter.java:99)
	at org.springframework.web.filter.OncePerRequestFilter.doFilter(OncePerRequestFilter.java:107)
	at org.apache.catalina.core.ApplicationFilterChain.internalDoFilter(ApplicationFilterChain.java:193)
	at org.apache.catalina.core.ApplicationFilterChain.doFilter(ApplicationFilterChain.java:166)
	at org.springframework.web.filter.HttpPutFormContentFilter.doFilterInternal(HttpPutFormContentFilter.java:108)
	at org.springframework.web.filter.OncePerRequestFilter.doFilter(OncePerRequestFilter.java:107)
	at org.apache.catalina.core.ApplicationFilterChain.internalDoFilter(ApplicationFilterChain.java:193)
	at org.apache.catalina.core.ApplicationFilterChain.doFilter(ApplicationFilterChain.java:166)
	at org.springframework.web.filter.HiddenHttpMethodFilter.doFilterInternal(HiddenHttpMethodFilter.java:81)
	at org.springframework.web.filter.OncePerRequestFilter.doFilter(OncePerRequestFilter.java:107)
	at org.apache.catalina.core.ApplicationFilterChain.internalDoFilter(ApplicationFilterChain.java:193)
	at org.apache.catalina.core.ApplicationFilterChain.doFilter(ApplicationFilterChain.java:166)
	at org.springframework.web.filter.CharacterEncodingFilter.doFilterInternal(CharacterEncodingFilter.java:197)
	at org.springframework.web.filter.OncePerRequestFilter.doFilter(OncePerRequestFilter.java:107)
	at org.apache.catalina.core.ApplicationFilterChain.internalDoFilter(ApplicationFilterChain.java:193)
	at org.apache.catalina.core.ApplicationFilterChain.doFilter(ApplicationFilterChain.java:166)
	at org.apache.catalina.core.StandardWrapperValve.invoke(StandardWrapperValve.java:199)
	at org.apache.catalina.core.StandardContextValve.invoke(StandardContextValve.java:96)
	at org.apache.catalina.authenticator.AuthenticatorBase.invoke(AuthenticatorBase.java:504)
	at org.apache.catalina.core.StandardHostValve.invoke(StandardHostValve.java:140)
	at org.apache.catalina.valves.ErrorReportValve.invoke(ErrorReportValve.java:81)
	at org.apache.catalina.core.StandardEngineValve.invoke(StandardEngineValve.java:87)
	at org.apache.catalina.connector.CoyoteAdapter.service(CoyoteAdapter.java:342)
	at org.apache.coyote.http11.Http11Processor.service(Http11Processor.java:803)
	at org.apache.coyote.AbstractProcessorLight.process(AbstractProcessorLight.java:66)
	at org.apache.coyote.AbstractProtocol$ConnectionHandler.process(AbstractProtocol.java:790)
	at org.apache.tomcat.util.net.NioEndpoint$SocketProcessor.doRun(NioEndpoint.java:1459)
	at org.apache.tomcat.util.net.SocketProcessorBase.run(SocketProcessorBase.java:49)
	at java.util.concurrent.ThreadPoolExecutor.runWorker(ThreadPoolExecutor.java:1142)
	at java.util.concurrent.ThreadPoolExecutor$Worker.run(ThreadPoolExecutor.java:617)
	at org.apache.tomcat.util.threads.TaskThread$WrappingRunnable.run(TaskThread.java:61)
	at java.lang.Thread.run(Thread.java:745)
00:01:13.574 [http-nio-8080-exec-2] DEBUG c.o.f.TokenAuthenticationFilter - Updated SecurityContextHolder to contain null Authentication
00:01:13.574 [http-nio-8080-exec-2] DEBUG c.o.f.TokenAuthenticationFilter - Delegating to authentication failure handler org.springframework.security.web.authentication.SimpleUrlAuthenticationFailureHandler@78a1cb57
00:01:20.208 [http-nio-8080-exec-3] DEBUG c.o.f.CustomUsernamePasswordAuthenticationFilter - Request is to process authentication
00:01:20.209 [http-nio-8080-exec-3] INFO  c.o.f.CustomUsernamePasswordAuthenticationFilter - Attempt authentication with JSON request, Inside CustomUsernamePasswordAuthenticationFilter
00:01:20.216 [http-nio-8080-exec-3] INFO  c.o.f.CustomUsernamePasswordAuthenticationFilter - Authentication request successfully bind for : abhishek
00:01:20.221 [http-nio-8080-exec-3] INFO  c.o.s.RESTSecurityUserDetailsService -  Received user name
00:01:20.615 [http-nio-8080-exec-3] DEBUG c.o.f.CustomUsernamePasswordAuthenticationFilter - Authentication success. Updating SecurityContextHolder to contain: org.springframework.security.authentication.UsernamePasswordAuthenticationToken@fc799d4: Principal: com.oauth.service.RESTSecurityUserDetails@4bda2880; Credentials: [PROTECTED]; Authenticated: true; Details: org.springframework.security.web.authentication.WebAuthenticationDetails@b364: RemoteIpAddress: 0:0:0:0:0:0:0:1; SessionId: null; Granted Authorities: ROLE_USER
00:01:20.616 [http-nio-8080-exec-3] INFO  c.o.h.RESTAuthenticationSuccessHandler - Inside REST Authentication SuccessHandler.
00:01:24.071 [http-nio-8080-exec-4] INFO  c.o.f.TokenAuthenticationFilter - Token successfully received inside token validator
00:01:24.071 [http-nio-8080-exec-4] INFO  c.o.f.TokenAuthenticationFilter - Attempt authentication for token :
00:14:46.376 [http-nio-8080-exec-6] INFO  c.o.f.TokenAuthenticationFilter - Token successfully received inside token validator
00:14:46.376 [http-nio-8080-exec-6] INFO  c.o.f.TokenAuthenticationFilter - Attempt authentication for token :
00:15:08.722 [localhost-startStop-1] DEBUG c.o.f.TokenAuthenticationFilter - Initializing filter 'tokenAuthenticationFilter'
00:15:08.722 [localhost-startStop-1] DEBUG c.o.f.TokenAuthenticationFilter - Filter 'tokenAuthenticationFilter' configured successfully
00:15:08.722 [localhost-startStop-1] DEBUG c.o.f.CustomUsernamePasswordAuthenticationFilter - Initializing filter 'customUsernamePasswordAuthenticationFilter'
00:15:08.723 [localhost-startStop-1] DEBUG c.o.f.CustomUsernamePasswordAuthenticationFilter - Filter 'customUsernamePasswordAuthenticationFilter' configured successfully
00:15:45.836 [localhost-startStop-1] DEBUG c.o.f.TokenAuthenticationFilter - Initializing filter 'tokenAuthenticationFilter'
00:15:45.837 [localhost-startStop-1] DEBUG c.o.f.TokenAuthenticationFilter - Filter 'tokenAuthenticationFilter' configured successfully
00:15:45.837 [localhost-startStop-1] DEBUG c.o.f.CustomUsernamePasswordAuthenticationFilter - Initializing filter 'customUsernamePasswordAuthenticationFilter'
00:15:45.837 [localhost-startStop-1] DEBUG c.o.f.CustomUsernamePasswordAuthenticationFilter - Filter 'customUsernamePasswordAuthenticationFilter' configured successfully
00:16:02.366 [http-nio-8080-exec-10] INFO  c.o.f.TokenAuthenticationFilter - Token successfully received inside token validator
00:16:02.366 [http-nio-8080-exec-10] INFO  c.o.f.TokenAuthenticationFilter - Attempt authentication for token :
00:16:30.810 [http-nio-8080-exec-9] INFO  c.o.f.TokenAuthenticationFilter - Token successfully received inside token validator
00:16:30.811 [http-nio-8080-exec-9] INFO  c.o.f.TokenAuthenticationFilter - Attempt authentication for token :
00:20:54.096 [localhost-startStop-1] DEBUG c.o.f.TokenAuthenticationFilter - Initializing filter 'tokenAuthenticationFilter'
00:20:54.096 [localhost-startStop-1] DEBUG c.o.f.TokenAuthenticationFilter - Filter 'tokenAuthenticationFilter' configured successfully
00:20:54.096 [localhost-startStop-1] DEBUG c.o.f.CustomUsernamePasswordAuthenticationFilter - Initializing filter 'customUsernamePasswordAuthenticationFilter'
00:20:54.097 [localhost-startStop-1] DEBUG c.o.f.CustomUsernamePasswordAuthenticationFilter - Filter 'customUsernamePasswordAuthenticationFilter' configured successfully
00:21:45.987 [http-nio-8080-exec-2] INFO  c.o.f.TokenAuthenticationFilter - Token successfully received inside token validator
00:21:45.987 [http-nio-8080-exec-2] INFO  c.o.f.TokenAuthenticationFilter - Attempt authentication for token :
00:21:46.240 [http-nio-8080-exec-2] INFO  c.o.f.TokenAuthenticationFilter - Authentication successfully for token :
00:21:46.240 [http-nio-8080-exec-2] DEBUG c.o.f.TokenAuthenticationFilter - Authentication success. Updating SecurityContextHolder to contain: org.springframework.security.authentication.UsernamePasswordAuthenticationToken@3264856e: Principal: com.oauth.service.RESTSecurityUserDetails@3c22896d; Credentials: [PROTECTED]; Authenticated: true; Details: null; Granted Authorities: ROLE_USER
00:21:46.241 [http-nio-8080-exec-2] INFO  c.o.h.RESTTokenAuthenticationSuccessHandler - Inside rest authentication success handler.
00:21:46.258 [http-nio-8080-exec-2] INFO  c.o.f.TokenAuthenticationFilter - Token successfully received inside token validator
00:21:46.258 [http-nio-8080-exec-2] INFO  c.o.f.TokenAuthenticationFilter - Attempt authentication for token :
00:21:46.309 [http-nio-8080-exec-2] INFO  c.o.f.TokenAuthenticationFilter - Authentication successfully for token :
00:21:46.309 [http-nio-8080-exec-2] DEBUG c.o.f.TokenAuthenticationFilter - Authentication success. Updating SecurityContextHolder to contain: org.springframework.security.authentication.UsernamePasswordAuthenticationToken@4cd32488: Principal: com.oauth.service.RESTSecurityUserDetails@4295288b; Credentials: [PROTECTED]; Authenticated: true; Details: null; Granted Authorities: ROLE_USER
00:21:46.310 [http-nio-8080-exec-2] INFO  c.o.h.RESTTokenAuthenticationSuccessHandler - Inside rest authentication success handler.
